<?xml version="1.0" encoding="UTF-8"?>
<testsuite name="projects.mum.edu.ExtraCreditEaApplicationTests" time="0.009" tests="1" errors="1" skipped="0" failures="0">
  <properties>
[...]
</properties>
  <testcase name="initializationError" classname="projects.mum.edu.ExtraCreditEaApplicationTests" time="0.009">
    <error message="Unable to find a @SpringBootConfiguration, you need to use @ContextConfiguration or @SpringBootTest(classes=...) with your test" type="java.lang.IllegalStateException"><![CDATA[java.lang.IllegalStateException: Unable to find a @SpringBootConfiguration, you need to use @ContextConfiguration or @SpringBootTest(classes=...) with your test
	at org.springframework.util.Assert.state(Assert.java:392)
	at org.springframework.boot.test.context.SpringBootTestContextBootstrapper.getOrFindConfigurationClasses(SpringBootTestContextBootstrapper.java:156)
	at org.springframework.boot.test.context.SpringBootTestContextBootstrapper.processMergedContextConfiguration(SpringBootTestContextBootstrapper.java:116)
	at org.springframework.test.context.support.AbstractTestContextBootstrapper.buildMergedContextConfiguration(AbstractTestContextBootstrapper.java:409)
	at org.springframework.test.context.support.AbstractTestContextBootstrapper.buildDefaultMergedContextConfiguration(AbstractTestContextBootstrapper.java:323)
	at org.springframework.test.context.support.AbstractTestContextBootstrapper.buildMergedContextConfiguration(AbstractTestContextBootstrapper.java:277)
	at org.springframework.test.context.support.AbstractTestContextBootstrapper.buildTestContext(AbstractTestContextBootstrapper.java:112)
	at org.springframework.boot.test.context.SpringBootTestContextBootstrapper.buildTestContext(SpringBootTestContextBootstrapper.java:74)
	at org.springframework.test.context.TestContextManager.<init>(TestContextManager.java:120)
	at org.springframework.test.context.TestContextManager.<init>(TestContextManager.java:105)
	at org.springframework.test.context.junit4.SpringJUnit4ClassRunner.createTestContextManager(SpringJUnit4ClassRunner.java:152)
	at org.springframework.test.context.junit4.SpringJUnit4ClassRunner.<init>(SpringJUnit4ClassRunner.java:143)
	at org.springframework.test.context.junit4.SpringRunner.<init>(SpringRunner.java:49)
	at sun.reflect.NativeConstructorAccessorImpl.newInstance0(Native Method)
	at sun.reflect.NativeConstructorAccessorImpl.newInstance(NativeConstructorAccessorImpl.java:62)
	at sun.reflect.DelegatingConstructorAccessorImpl.newInstance(DelegatingConstructorAccessorImpl.java:45)
	at java.lang.reflect.Constructor.newInstance(Constructor.java:423)
	at org.junit.internal.builders.AnnotatedBuilder.buildRunner(AnnotatedBuilder.java:104)
	at org.junit.internal.builders.AnnotatedBuilder.runnerForClass(AnnotatedBuilder.java:86)
	at org.junit.runners.model.RunnerBuilder.safeRunnerForClass(RunnerBuilder.java:59)
	at org.junit.internal.builders.AllDefaultPossibilitiesBuilder.runnerForClass(AllDefaultPossibilitiesBuilder.java:26)
	at org.junit.runners.model.RunnerBuilder.safeRunnerForClass(RunnerBuilder.java:59)
	at org.junit.internal.requests.ClassRequest.getRunner(ClassRequest.java:33)
	at org.apache.maven.surefire.junit4.JUnit4Provider.execute(JUnit4Provider.java:283)
	at org.apache.maven.surefire.junit4.JUnit4Provider.executeWithRerun(JUnit4Provider.java:173)
	at org.apache.maven.surefire.junit4.JUnit4Provider.executeTestSet(JUnit4Provider.java:153)
	at org.apache.maven.surefire.junit4.JUnit4Provider.invoke(JUnit4Provider.java:128)
	at org.apache.maven.surefire.booter.ForkedBooter.invokeProviderInSameClassLoader(ForkedBooter.java:203)
	at org.apache.maven.surefire.booter.ForkedBooter.runSuitesInProcess(ForkedBooter.java:155)
	at org.apache.maven.surefire.booter.ForkedBooter.main(ForkedBooter.java:103)
]]></error>
    <system-out><![CDATA[18:21:23.745 [main] DEBUG org.springframework.test.context.junit4.SpringJUnit4ClassRunner - SpringJUnit4ClassRunner constructor called with [class projects.mum.edu.ExtraCreditEaApplicationTests]
18:21:23.754 [main] DEBUG org.springframework.test.context.BootstrapUtils - Instantiating CacheAwareContextLoaderDelegate from class [org.springframework.test.context.cache.DefaultCacheAwareContextLoaderDelegate]
18:21:23.782 [main] DEBUG org.springframework.test.context.BootstrapUtils - Instantiating BootstrapContext using constructor [public org.springframework.test.context.support.DefaultBootstrapContext(java.lang.Class,org.springframework.test.context.CacheAwareContextLoaderDelegate)]
18:21:23.824 [main] DEBUG org.springframework.test.context.BootstrapUtils - Instantiating TestContextBootstrapper for test class [projects.mum.edu.ExtraCreditEaApplicationTests] from class [org.springframework.boot.test.context.SpringBootTestContextBootstrapper]
18:21:23.840 [main] INFO org.springframework.boot.test.context.SpringBootTestContextBootstrapper - Neither @ContextConfiguration nor @ContextHierarchy found for test class [projects.mum.edu.ExtraCreditEaApplicationTests], using SpringBootContextLoader
18:21:23.844 [main] DEBUG org.springframework.test.context.support.AbstractContextLoader - Did not detect default resource location for test class [projects.mum.edu.ExtraCreditEaApplicationTests]: class path resource [projects/mum/edu/ExtraCreditEaApplicationTests-context.xml] does not exist
18:21:23.845 [main] DEBUG org.springframework.test.context.support.AbstractContextLoader - Did not detect default resource location for test class [projects.mum.edu.ExtraCreditEaApplicationTests]: class path resource [projects/mum/edu/ExtraCreditEaApplicationTestsContext.groovy] does not exist
18:21:23.845 [main] INFO org.springframework.test.context.support.AbstractContextLoader - Could not detect default resource locations for test class [projects.mum.edu.ExtraCreditEaApplicationTests]: no resource found for suffixes {-context.xml, Context.groovy}.
18:21:23.846 [main] INFO org.springframework.test.context.support.AnnotationConfigContextLoaderUtils - Could not detect default configuration classes for test class [projects.mum.edu.ExtraCreditEaApplicationTests]: ExtraCreditEaApplicationTests does not declare any static, non-private, non-final, nested classes annotated with @Configuration.
18:21:23.894 [main] DEBUG org.springframework.test.context.support.ActiveProfilesUtils - Could not find an 'annotation declaring class' for annotation type [org.springframework.test.context.ActiveProfiles] and class [projects.mum.edu.ExtraCreditEaApplicationTests]
18:21:23.960 [main] DEBUG org.springframework.core.env.StandardEnvironment - Adding [systemProperties] PropertySource with lowest search precedence
18:21:23.960 [main] DEBUG org.springframework.core.env.StandardEnvironment - Adding [systemEnvironment] PropertySource with lowest search precedence
18:21:23.960 [main] DEBUG org.springframework.core.env.StandardEnvironment - Initialized StandardEnvironment with PropertySources [systemProperties,systemEnvironment]
18:21:23.974 [main] DEBUG org.springframework.core.io.support.PathMatchingResourcePatternResolver - Resolved classpath location [projects/mum/edu/] to resources [URL [file:/C:/Users/sahib/Documents/workspace-sts-3.8.1.RELEASE/extra-credit-ea/target/test-classes/projects/mum/edu/], URL [file:/C:/Users/sahib/Documents/workspace-sts-3.8.1.RELEASE/extra-credit-ea/target/classes/projects/mum/edu/]]
18:21:23.974 [main] DEBUG org.springframework.core.io.support.PathMatchingResourcePatternResolver - Looking for matching resources in directory tree [C:\Users\sahib\Documents\workspace-sts-3.8.1.RELEASE\extra-credit-ea\target\test-classes\projects\mum\edu]
18:21:23.975 [main] DEBUG org.springframework.core.io.support.PathMatchingResourcePatternResolver - Searching directory [C:\Users\sahib\Documents\workspace-sts-3.8.1.RELEASE\extra-credit-ea\target\test-classes\projects\mum\edu] for files matching pattern [C:/Users/sahib/Documents/workspace-sts-3.8.1.RELEASE/extra-credit-ea/target/test-classes/projects/mum/edu/*.class]
18:21:23.978 [main] DEBUG org.springframework.core.io.support.PathMatchingResourcePatternResolver - Looking for matching resources in directory tree [C:\Users\sahib\Documents\workspace-sts-3.8.1.RELEASE\extra-credit-ea\target\classes\projects\mum\edu]
18:21:23.979 [main] DEBUG org.springframework.core.io.support.PathMatchingResourcePatternResolver - Searching directory [C:\Users\sahib\Documents\workspace-sts-3.8.1.RELEASE\extra-credit-ea\target\classes\projects\mum\edu] for files matching pattern [C:/Users/sahib/Documents/workspace-sts-3.8.1.RELEASE/extra-credit-ea/target/classes/projects/mum/edu/*.class]
18:21:23.980 [main] DEBUG org.springframework.core.io.support.PathMatchingResourcePatternResolver - Resolved location pattern [classpath*:projects/mum/edu/*.class] to resources [file [C:\Users\sahib\Documents\workspace-sts-3.8.1.RELEASE\extra-credit-ea\target\test-classes\projects\mum\edu\ExtraCreditEaApplicationTests.class]]
18:21:24.000 [main] DEBUG org.springframework.core.io.support.PathMatchingResourcePatternResolver - Resolved classpath location [projects/mum/] to resources [URL [file:/C:/Users/sahib/Documents/workspace-sts-3.8.1.RELEASE/extra-credit-ea/target/test-classes/projects/mum/], URL [file:/C:/Users/sahib/Documents/workspace-sts-3.8.1.RELEASE/extra-credit-ea/target/classes/projects/mum/]]
18:21:24.000 [main] DEBUG org.springframework.core.io.support.PathMatchingResourcePatternResolver - Looking for matching resources in directory tree [C:\Users\sahib\Documents\workspace-sts-3.8.1.RELEASE\extra-credit-ea\target\test-classes\projects\mum]
18:21:24.000 [main] DEBUG org.springframework.core.io.support.PathMatchingResourcePatternResolver - Searching directory [C:\Users\sahib\Documents\workspace-sts-3.8.1.RELEASE\extra-credit-ea\target\test-classes\projects\mum] for files matching pattern [C:/Users/sahib/Documents/workspace-sts-3.8.1.RELEASE/extra-credit-ea/target/test-classes/projects/mum/*.class]
18:21:24.001 [main] DEBUG org.springframework.core.io.support.PathMatchingResourcePatternResolver - Looking for matching resources in directory tree [C:\Users\sahib\Documents\workspace-sts-3.8.1.RELEASE\extra-credit-ea\target\classes\projects\mum]
18:21:24.001 [main] DEBUG org.springframework.core.io.support.PathMatchingResourcePatternResolver - Searching directory [C:\Users\sahib\Documents\workspace-sts-3.8.1.RELEASE\extra-credit-ea\target\classes\projects\mum] for files matching pattern [C:/Users/sahib/Documents/workspace-sts-3.8.1.RELEASE/extra-credit-ea/target/classes/projects/mum/*.class]
18:21:24.002 [main] DEBUG org.springframework.core.io.support.PathMatchingResourcePatternResolver - Resolved location pattern [classpath*:projects/mum/*.class] to resources []
18:21:24.003 [main] DEBUG org.springframework.core.io.support.PathMatchingResourcePatternResolver - Resolved classpath location [projects/] to resources [URL [file:/C:/Users/sahib/Documents/workspace-sts-3.8.1.RELEASE/extra-credit-ea/target/test-classes/projects/], URL [file:/C:/Users/sahib/Documents/workspace-sts-3.8.1.RELEASE/extra-credit-ea/target/classes/projects/]]
18:21:24.004 [main] DEBUG org.springframework.core.io.support.PathMatchingResourcePatternResolver - Looking for matching resources in directory tree [C:\Users\sahib\Documents\workspace-sts-3.8.1.RELEASE\extra-credit-ea\target\test-classes\projects]
18:21:24.004 [main] DEBUG org.springframework.core.io.support.PathMatchingResourcePatternResolver - Searching directory [C:\Users\sahib\Documents\workspace-sts-3.8.1.RELEASE\extra-credit-ea\target\test-classes\projects] for files matching pattern [C:/Users/sahib/Documents/workspace-sts-3.8.1.RELEASE/extra-credit-ea/target/test-classes/projects/*.class]
18:21:24.007 [main] DEBUG org.springframework.core.io.support.PathMatchingResourcePatternResolver - Looking for matching resources in directory tree [C:\Users\sahib\Documents\workspace-sts-3.8.1.RELEASE\extra-credit-ea\target\classes\projects]
18:21:24.007 [main] DEBUG org.springframework.core.io.support.PathMatchingResourcePatternResolver - Searching directory [C:\Users\sahib\Documents\workspace-sts-3.8.1.RELEASE\extra-credit-ea\target\classes\projects] for files matching pattern [C:/Users/sahib/Documents/workspace-sts-3.8.1.RELEASE/extra-credit-ea/target/classes/projects/*.class]
18:21:24.008 [main] DEBUG org.springframework.core.io.support.PathMatchingResourcePatternResolver - Resolved location pattern [classpath*:projects/*.class] to resources []
18:21:24.017 [main] DEBUG org.springframework.test.context.junit4.SpringJUnit4ClassRunner - SpringJUnit4ClassRunner constructor called with [class projects.mum.edu.ExtraCreditEaApplicationTests]
18:21:24.018 [main] DEBUG org.springframework.test.context.BootstrapUtils - Instantiating CacheAwareContextLoaderDelegate from class [org.springframework.test.context.cache.DefaultCacheAwareContextLoaderDelegate]
18:21:24.018 [main] DEBUG org.springframework.test.context.BootstrapUtils - Instantiating BootstrapContext using constructor [public org.springframework.test.context.support.DefaultBootstrapContext(java.lang.Class,org.springframework.test.context.CacheAwareContextLoaderDelegate)]
18:21:24.018 [main] DEBUG org.springframework.test.context.BootstrapUtils - Instantiating TestContextBootstrapper for test class [projects.mum.edu.ExtraCreditEaApplicationTests] from class [org.springframework.boot.test.context.SpringBootTestContextBootstrapper]
18:21:24.019 [main] INFO org.springframework.boot.test.context.SpringBootTestContextBootstrapper - Neither @ContextConfiguration nor @ContextHierarchy found for test class [projects.mum.edu.ExtraCreditEaApplicationTests], using SpringBootContextLoader
18:21:24.021 [main] DEBUG org.springframework.test.context.support.AbstractContextLoader - Did not detect default resource location for test class [projects.mum.edu.ExtraCreditEaApplicationTests]: class path resource [projects/mum/edu/ExtraCreditEaApplicationTests-context.xml] does not exist
18:21:24.023 [main] DEBUG org.springframework.test.context.support.AbstractContextLoader - Did not detect default resource location for test class [projects.mum.edu.ExtraCreditEaApplicationTests]: class path resource [projects/mum/edu/ExtraCreditEaApplicationTestsContext.groovy] does not exist
18:21:24.023 [main] INFO org.springframework.test.context.support.AbstractContextLoader - Could not detect default resource locations for test class [projects.mum.edu.ExtraCreditEaApplicationTests]: no resource found for suffixes {-context.xml, Context.groovy}.
18:21:24.023 [main] INFO org.springframework.test.context.support.AnnotationConfigContextLoaderUtils - Could not detect default configuration classes for test class [projects.mum.edu.ExtraCreditEaApplicationTests]: ExtraCreditEaApplicationTests does not declare any static, non-private, non-final, nested classes annotated with @Configuration.
18:21:24.032 [main] DEBUG org.springframework.test.context.support.ActiveProfilesUtils - Could not find an 'annotation declaring class' for annotation type [org.springframework.test.context.ActiveProfiles] and class [projects.mum.edu.ExtraCreditEaApplicationTests]
18:21:24.035 [main] DEBUG org.springframework.core.env.StandardEnvironment - Adding [systemProperties] PropertySource with lowest search precedence
18:21:24.035 [main] DEBUG org.springframework.core.env.StandardEnvironment - Adding [systemEnvironment] PropertySource with lowest search precedence
18:21:24.035 [main] DEBUG org.springframework.core.env.StandardEnvironment - Initialized StandardEnvironment with PropertySources [systemProperties,systemEnvironment]
18:21:24.036 [main] DEBUG org.springframework.core.io.support.PathMatchingResourcePatternResolver - Resolved classpath location [projects/mum/edu/] to resources [URL [file:/C:/Users/sahib/Documents/workspace-sts-3.8.1.RELEASE/extra-credit-ea/target/test-classes/projects/mum/edu/], URL [file:/C:/Users/sahib/Documents/workspace-sts-3.8.1.RELEASE/extra-credit-ea/target/classes/projects/mum/edu/]]
18:21:24.036 [main] DEBUG org.springframework.core.io.support.PathMatchingResourcePatternResolver - Looking for matching resources in directory tree [C:\Users\sahib\Documents\workspace-sts-3.8.1.RELEASE\extra-credit-ea\target\test-classes\projects\mum\edu]
18:21:24.036 [main] DEBUG org.springframework.core.io.support.PathMatchingResourcePatternResolver - Searching directory [C:\Users\sahib\Documents\workspace-sts-3.8.1.RELEASE\extra-credit-ea\target\test-classes\projects\mum\edu] for files matching pattern [C:/Users/sahib/Documents/workspace-sts-3.8.1.RELEASE/extra-credit-ea/target/test-classes/projects/mum/edu/*.class]
18:21:24.038 [main] DEBUG org.springframework.core.io.support.PathMatchingResourcePatternResolver - Looking for matching resources in directory tree [C:\Users\sahib\Documents\workspace-sts-3.8.1.RELEASE\extra-credit-ea\target\classes\projects\mum\edu]
18:21:24.038 [main] DEBUG org.springframework.core.io.support.PathMatchingResourcePatternResolver - Searching directory [C:\Users\sahib\Documents\workspace-sts-3.8.1.RELEASE\extra-credit-ea\target\classes\projects\mum\edu] for files matching pattern [C:/Users/sahib/Documents/workspace-sts-3.8.1.RELEASE/extra-credit-ea/target/classes/projects/mum/edu/*.class]
18:21:24.039 [main] DEBUG org.springframework.core.io.support.PathMatchingResourcePatternResolver - Resolved location pattern [classpath*:projects/mum/edu/*.class] to resources [file [C:\Users\sahib\Documents\workspace-sts-3.8.1.RELEASE\extra-credit-ea\target\test-classes\projects\mum\edu\ExtraCreditEaApplicationTests.class]]
18:21:24.040 [main] DEBUG org.springframework.core.io.support.PathMatchingResourcePatternResolver - Resolved classpath location [projects/mum/] to resources [URL [file:/C:/Users/sahib/Documents/workspace-sts-3.8.1.RELEASE/extra-credit-ea/target/test-classes/projects/mum/], URL [file:/C:/Users/sahib/Documents/workspace-sts-3.8.1.RELEASE/extra-credit-ea/target/classes/projects/mum/]]
18:21:24.041 [main] DEBUG org.springframework.core.io.support.PathMatchingResourcePatternResolver - Looking for matching resources in directory tree [C:\Users\sahib\Documents\workspace-sts-3.8.1.RELEASE\extra-credit-ea\target\test-classes\projects\mum]
18:21:24.041 [main] DEBUG org.springframework.core.io.support.PathMatchingResourcePatternResolver - Searching directory [C:\Users\sahib\Documents\workspace-sts-3.8.1.RELEASE\extra-credit-ea\target\test-classes\projects\mum] for files matching pattern [C:/Users/sahib/Documents/workspace-sts-3.8.1.RELEASE/extra-credit-ea/target/test-classes/projects/mum/*.class]
18:21:24.042 [main] DEBUG org.springframework.core.io.support.PathMatchingResourcePatternResolver - Looking for matching resources in directory tree [C:\Users\sahib\Documents\workspace-sts-3.8.1.RELEASE\extra-credit-ea\target\classes\projects\mum]
18:21:24.042 [main] DEBUG org.springframework.core.io.support.PathMatchingResourcePatternResolver - Searching directory [C:\Users\sahib\Documents\workspace-sts-3.8.1.RELEASE\extra-credit-ea\target\classes\projects\mum] for files matching pattern [C:/Users/sahib/Documents/workspace-sts-3.8.1.RELEASE/extra-credit-ea/target/classes/projects/mum/*.class]
18:21:24.043 [main] DEBUG org.springframework.core.io.support.PathMatchingResourcePatternResolver - Resolved location pattern [classpath*:projects/mum/*.class] to resources []
18:21:24.043 [main] DEBUG org.springframework.core.io.support.PathMatchingResourcePatternResolver - Resolved classpath location [projects/] to resources [URL [file:/C:/Users/sahib/Documents/workspace-sts-3.8.1.RELEASE/extra-credit-ea/target/test-classes/projects/], URL [file:/C:/Users/sahib/Documents/workspace-sts-3.8.1.RELEASE/extra-credit-ea/target/classes/projects/]]
18:21:24.043 [main] DEBUG org.springframework.core.io.support.PathMatchingResourcePatternResolver - Looking for matching resources in directory tree [C:\Users\sahib\Documents\workspace-sts-3.8.1.RELEASE\extra-credit-ea\target\test-classes\projects]
18:21:24.044 [main] DEBUG org.springframework.core.io.support.PathMatchingResourcePatternResolver - Searching directory [C:\Users\sahib\Documents\workspace-sts-3.8.1.RELEASE\extra-credit-ea\target\test-classes\projects] for files matching pattern [C:/Users/sahib/Documents/workspace-sts-3.8.1.RELEASE/extra-credit-ea/target/test-classes/projects/*.class]
18:21:24.045 [main] DEBUG org.springframework.core.io.support.PathMatchingResourcePatternResolver - Looking for matching resources in directory tree [C:\Users\sahib\Documents\workspace-sts-3.8.1.RELEASE\extra-credit-ea\target\classes\projects]
18:21:24.045 [main] DEBUG org.springframework.core.io.support.PathMatchingResourcePatternResolver - Searching directory [C:\Users\sahib\Documents\workspace-sts-3.8.1.RELEASE\extra-credit-ea\target\classes\projects] for files matching pattern [C:/Users/sahib/Documents/workspace-sts-3.8.1.RELEASE/extra-credit-ea/target/classes/projects/*.class]
18:21:24.046 [main] DEBUG org.springframework.core.io.support.PathMatchingResourcePatternResolver - Resolved location pattern [classpath*:projects/*.class] to resources []
]]></system-out>
  </testcase>
</testsuite>